[10-Mar-2021 15:26:38 UTC] PHP Notice:  Undefined index: onoff in C:\laragon\www\assistup\common_server\panel\web\js\site_onoff.php on line 3
[10-Mar-2021 15:26:41 UTC] PHP Notice:  Undefined index: onoff in C:\laragon\www\assistup\common_server\panel\web\js\site_onoff.php on line 3
[10-Mar-2021 15:26:44 UTC] PHP Notice:  Undefined index: onoff in C:\laragon\www\assistup\common_server\panel\web\js\site_onoff.php on line 3
[10-Mar-2021 15:26:46 UTC] PHP Notice:  Undefined index: onoff in C:\laragon\www\assistup\common_server\panel\web\js\site_onoff.php on line 3
[10-Mar-2021 16:00:41 UTC] PHP Notice:  Undefined index: site_onoff in C:\laragon\www\assistup\common_server\panel\web\js\site_onoff.php on line 2
[10-Mar-2021 16:00:41 UTC] PHP Notice:  Undefined index: onoff in C:\laragon\www\assistup\common_server\panel\web\js\site_onoff.php on line 3
[10-Mar-2021 16:00:41 UTC] PHP Notice:  Undefined index: app in C:\laragon\www\assistup\common_server\panel\web\js\site_onoff.php on line 4
[10-Mar-2021 16:00:48 UTC] PHP Notice:  Undefined index: site_onoff in C:\laragon\www\assistup\common_server\panel\web\js\site_onoff.php on line 2
[10-Mar-2021 16:00:48 UTC] PHP Notice:  Undefined index: onoff in C:\laragon\www\assistup\common_server\panel\web\js\site_onoff.php on line 3
[10-Mar-2021 16:00:49 UTC] PHP Notice:  Undefined index: app in C:\laragon\www\assistup\common_server\panel\web\js\site_onoff.php on line 4
[11-Mar-2021 05:42:55 UTC] PHP Warning:  require_once(config/all.php): failed to open stream: No such file or directory in C:\laragon\www\assistup\common_server\panel\web\models\account.php on line 5
[11-Mar-2021 05:42:55 UTC] PHP Fatal error:  require_once(): Failed opening required 'config/all.php' (include_path='.;C:\php\pear') in C:\laragon\www\assistup\common_server\panel\web\models\account.php on line 5
[11-Mar-2021 05:42:57 UTC] PHP Warning:  require_once(config/all.php): failed to open stream: No such file or directory in C:\laragon\www\assistup\common_server\panel\web\models\account.php on line 5
[11-Mar-2021 05:42:57 UTC] PHP Fatal error:  require_once(): Failed opening required 'config/all.php' (include_path='.;C:\php\pear') in C:\laragon\www\assistup\common_server\panel\web\models\account.php on line 5
[11-Mar-2021 05:42:58 UTC] PHP Warning:  require_once(config/all.php): failed to open stream: No such file or directory in C:\laragon\www\assistup\common_server\panel\web\models\account.php on line 5
[11-Mar-2021 05:42:58 UTC] PHP Fatal error:  require_once(): Failed opening required 'config/all.php' (include_path='.;C:\php\pear') in C:\laragon\www\assistup\common_server\panel\web\models\account.php on line 5
[11-Mar-2021 05:42:59 UTC] PHP Warning:  require_once(config/all.php): failed to open stream: No such file or directory in C:\laragon\www\assistup\common_server\panel\web\models\account.php on line 5
[11-Mar-2021 05:42:59 UTC] PHP Fatal error:  require_once(): Failed opening required 'config/all.php' (include_path='.;C:\php\pear') in C:\laragon\www\assistup\common_server\panel\web\models\account.php on line 5
[11-Mar-2021 05:42:59 UTC] PHP Warning:  require_once(config/all.php): failed to open stream: No such file or directory in C:\laragon\www\assistup\common_server\panel\web\models\account.php on line 5
[11-Mar-2021 05:42:59 UTC] PHP Fatal error:  require_once(): Failed opening required 'config/all.php' (include_path='.;C:\php\pear') in C:\laragon\www\assistup\common_server\panel\web\models\account.php on line 5
[11-Mar-2021 05:44:19 UTC] PHP Warning:  require_once(config/all.php): failed to open stream: No such file or directory in C:\laragon\www\assistup\common_server\panel\web\models\account.php on line 5
[11-Mar-2021 05:44:19 UTC] PHP Fatal error:  require_once(): Failed opening required 'config/all.php' (include_path='.;C:\php\pear') in C:\laragon\www\assistup\common_server\panel\web\models\account.php on line 5
[11-Mar-2021 05:44:19 UTC] PHP Warning:  require_once(config/all.php): failed to open stream: No such file or directory in C:\laragon\www\assistup\common_server\panel\web\models\account.php on line 5
[11-Mar-2021 05:44:19 UTC] PHP Fatal error:  require_once(): Failed opening required 'config/all.php' (include_path='.;C:\php\pear') in C:\laragon\www\assistup\common_server\panel\web\models\account.php on line 5
[11-Mar-2021 05:44:20 UTC] PHP Warning:  require_once(config/all.php): failed to open stream: No such file or directory in C:\laragon\www\assistup\common_server\panel\web\models\account.php on line 5
[11-Mar-2021 05:44:20 UTC] PHP Fatal error:  require_once(): Failed opening required 'config/all.php' (include_path='.;C:\php\pear') in C:\laragon\www\assistup\common_server\panel\web\models\account.php on line 5
[11-Mar-2021 05:44:21 UTC] PHP Warning:  require_once(config/all.php): failed to open stream: No such file or directory in C:\laragon\www\assistup\common_server\panel\web\models\account.php on line 5
[11-Mar-2021 05:44:21 UTC] PHP Fatal error:  require_once(): Failed opening required 'config/all.php' (include_path='.;C:\php\pear') in C:\laragon\www\assistup\common_server\panel\web\models\account.php on line 5
[11-Mar-2021 05:44:21 UTC] PHP Warning:  require_once(config/all.php): failed to open stream: No such file or directory in C:\laragon\www\assistup\common_server\panel\web\models\account.php on line 5
[11-Mar-2021 05:44:21 UTC] PHP Fatal error:  require_once(): Failed opening required 'config/all.php' (include_path='.;C:\php\pear') in C:\laragon\www\assistup\common_server\panel\web\models\account.php on line 5
[11-Mar-2021 05:45:44 UTC] PHP Warning:  require_once(config/all.php): failed to open stream: No such file or directory in C:\laragon\www\assistup\common_server\panel\web\models\account.php on line 5
[11-Mar-2021 05:45:44 UTC] PHP Fatal error:  require_once(): Failed opening required 'config/all.php' (include_path='.;C:\php\pear') in C:\laragon\www\assistup\common_server\panel\web\models\account.php on line 5
[11-Mar-2021 05:45:45 UTC] PHP Warning:  require_once(config/all.php): failed to open stream: No such file or directory in C:\laragon\www\assistup\common_server\panel\web\models\account.php on line 5
[11-Mar-2021 05:45:45 UTC] PHP Fatal error:  require_once(): Failed opening required 'config/all.php' (include_path='.;C:\php\pear') in C:\laragon\www\assistup\common_server\panel\web\models\account.php on line 5
[11-Mar-2021 05:46:05 UTC] PHP Warning:  require_once(config/all.php): failed to open stream: No such file or directory in C:\laragon\www\assistup\common_server\panel\web\models\account.php on line 5
[11-Mar-2021 05:46:05 UTC] PHP Fatal error:  require_once(): Failed opening required 'config/all.php' (include_path='.;C:\php\pear') in C:\laragon\www\assistup\common_server\panel\web\models\account.php on line 5
[11-Mar-2021 05:46:06 UTC] PHP Warning:  require_once(config/all.php): failed to open stream: No such file or directory in C:\laragon\www\assistup\common_server\panel\web\models\account.php on line 5
[11-Mar-2021 05:46:06 UTC] PHP Fatal error:  require_once(): Failed opening required 'config/all.php' (include_path='.;C:\php\pear') in C:\laragon\www\assistup\common_server\panel\web\models\account.php on line 5
[11-Mar-2021 05:46:46 UTC] PHP Warning:  require_once(config/all.php): failed to open stream: No such file or directory in C:\laragon\www\assistup\common_server\panel\web\js\site_onoff.php on line 2
[11-Mar-2021 05:46:46 UTC] PHP Fatal error:  require_once(): Failed opening required 'config/all.php' (include_path='.;C:\php\pear') in C:\laragon\www\assistup\common_server\panel\web\js\site_onoff.php on line 2
[11-Mar-2021 05:46:47 UTC] PHP Warning:  require_once(config/all.php): failed to open stream: No such file or directory in C:\laragon\www\assistup\common_server\panel\web\js\site_onoff.php on line 2
[11-Mar-2021 05:46:47 UTC] PHP Fatal error:  require_once(): Failed opening required 'config/all.php' (include_path='.;C:\php\pear') in C:\laragon\www\assistup\common_server\panel\web\js\site_onoff.php on line 2
[11-Mar-2021 05:46:48 UTC] PHP Warning:  require_once(config/all.php): failed to open stream: No such file or directory in C:\laragon\www\assistup\common_server\panel\web\js\site_onoff.php on line 2
[11-Mar-2021 05:46:48 UTC] PHP Fatal error:  require_once(): Failed opening required 'config/all.php' (include_path='.;C:\php\pear') in C:\laragon\www\assistup\common_server\panel\web\js\site_onoff.php on line 2
[11-Mar-2021 05:46:48 UTC] PHP Warning:  require_once(config/all.php): failed to open stream: No such file or directory in C:\laragon\www\assistup\common_server\panel\web\js\site_onoff.php on line 2
[11-Mar-2021 05:46:48 UTC] PHP Fatal error:  require_once(): Failed opening required 'config/all.php' (include_path='.;C:\php\pear') in C:\laragon\www\assistup\common_server\panel\web\js\site_onoff.php on line 2
[11-Mar-2021 05:47:49 UTC] PHP Notice:  Undefined index: site_onoff in C:\laragon\www\assistup\common_server\panel\web\js\site_onoff.php on line 4
[11-Mar-2021 05:47:49 UTC] PHP Notice:  Undefined index: onoff in C:\laragon\www\assistup\common_server\panel\web\js\site_onoff.php on line 5
[11-Mar-2021 05:47:49 UTC] PHP Notice:  Undefined index: app in C:\laragon\www\assistup\common_server\panel\web\js\site_onoff.php on line 6
[11-Mar-2021 05:47:49 UTC] PHP Warning:  require_once(config/all.php): failed to open stream: No such file or directory in C:\laragon\www\assistup\common_server\panel\web\models\account.php on line 5
[11-Mar-2021 05:47:49 UTC] PHP Fatal error:  require_once(): Failed opening required 'config/all.php' (include_path='.;C:\php\pear') in C:\laragon\www\assistup\common_server\panel\web\models\account.php on line 5
[11-Mar-2021 05:49:03 UTC] PHP Warning:  require_once(/../config/all.php): failed to open stream: No such file or directory in C:\laragon\www\assistup\common_server\panel\web\js\site_onoff.php on line 2
[11-Mar-2021 05:49:03 UTC] PHP Fatal error:  require_once(): Failed opening required '/../config/all.php' (include_path='.;C:\php\pear') in C:\laragon\www\assistup\common_server\panel\web\js\site_onoff.php on line 2
[11-Mar-2021 05:49:03 UTC] PHP Warning:  require_once(/../config/all.php): failed to open stream: No such file or directory in C:\laragon\www\assistup\common_server\panel\web\js\site_onoff.php on line 2
[11-Mar-2021 05:49:03 UTC] PHP Fatal error:  require_once(): Failed opening required '/../config/all.php' (include_path='.;C:\php\pear') in C:\laragon\www\assistup\common_server\panel\web\js\site_onoff.php on line 2
[11-Mar-2021 05:49:13 UTC] PHP Warning:  require_once(/../config/all.php): failed to open stream: No such file or directory in C:\laragon\www\assistup\common_server\panel\web\js\site_onoff.php on line 2
[11-Mar-2021 05:49:13 UTC] PHP Fatal error:  require_once(): Failed opening required '/../config/all.php' (include_path='.;C:\php\pear') in C:\laragon\www\assistup\common_server\panel\web\js\site_onoff.php on line 2
[11-Mar-2021 05:49:14 UTC] PHP Warning:  require_once(/../config/all.php): failed to open stream: No such file or directory in C:\laragon\www\assistup\common_server\panel\web\js\site_onoff.php on line 2
[11-Mar-2021 05:49:14 UTC] PHP Fatal error:  require_once(): Failed opening required '/../config/all.php' (include_path='.;C:\php\pear') in C:\laragon\www\assistup\common_server\panel\web\js\site_onoff.php on line 2
[11-Mar-2021 05:49:36 UTC] PHP Warning:  require_once(config/all.php): failed to open stream: No such file or directory in C:\laragon\www\assistup\common_server\panel\web\models\account.php on line 5
[11-Mar-2021 05:49:36 UTC] PHP Fatal error:  require_once(): Failed opening required 'config/all.php' (include_path='.;C:\php\pear') in C:\laragon\www\assistup\common_server\panel\web\models\account.php on line 5
[11-Mar-2021 05:49:37 UTC] PHP Warning:  require_once(config/all.php): failed to open stream: No such file or directory in C:\laragon\www\assistup\common_server\panel\web\models\account.php on line 5
[11-Mar-2021 05:49:37 UTC] PHP Fatal error:  require_once(): Failed opening required 'config/all.php' (include_path='.;C:\php\pear') in C:\laragon\www\assistup\common_server\panel\web\models\account.php on line 5
[17-Mar-2021 10:13:32 UTC] PHP Warning:  require_once(config/all.php): failed to open stream: No such file or directory in C:\laragon\www\assistup\common_server\panel\web\js\site_onoff.php on line 2
[17-Mar-2021 10:13:33 UTC] PHP Fatal error:  require_once(): Failed opening required 'config/all.php' (include_path='.;C:\php\pear') in C:\laragon\www\assistup\common_server\panel\web\js\site_onoff.php on line 2
[17-Mar-2021 10:13:37 UTC] PHP Warning:  require_once(config/all.php): failed to open stream: No such file or directory in C:\laragon\www\assistup\common_server\panel\web\js\site_onoff.php on line 2
[17-Mar-2021 10:13:37 UTC] PHP Fatal error:  require_once(): Failed opening required 'config/all.php' (include_path='.;C:\php\pear') in C:\laragon\www\assistup\common_server\panel\web\js\site_onoff.php on line 2
[17-Mar-2021 10:13:44 UTC] PHP Warning:  require_once(config/all.php): failed to open stream: No such file or directory in C:\laragon\www\assistup\common_server\panel\web\js\site_onoff.php on line 2
[17-Mar-2021 10:13:44 UTC] PHP Fatal error:  require_once(): Failed opening required 'config/all.php' (include_path='.;C:\php\pear') in C:\laragon\www\assistup\common_server\panel\web\js\site_onoff.php on line 2
[17-Mar-2021 10:13:47 UTC] PHP Warning:  require_once(config/all.php): failed to open stream: No such file or directory in C:\laragon\www\assistup\common_server\panel\web\js\site_onoff.php on line 2
[17-Mar-2021 10:13:47 UTC] PHP Fatal error:  require_once(): Failed opening required 'config/all.php' (include_path='.;C:\php\pear') in C:\laragon\www\assistup\common_server\panel\web\js\site_onoff.php on line 2
[17-Mar-2021 10:14:18 UTC] PHP Warning:  require_once(config/all.php): failed to open stream: No such file or directory in C:\laragon\www\assistup\common_server\panel\web\js\site_onoff.php on line 2
[17-Mar-2021 10:14:18 UTC] PHP Fatal error:  require_once(): Failed opening required 'config/all.php' (include_path='.;C:\php\pear') in C:\laragon\www\assistup\common_server\panel\web\js\site_onoff.php on line 2
[17-Mar-2021 10:14:19 UTC] PHP Warning:  require_once(config/all.php): failed to open stream: No such file or directory in C:\laragon\www\assistup\common_server\panel\web\js\site_onoff.php on line 2
[17-Mar-2021 10:14:19 UTC] PHP Fatal error:  require_once(): Failed opening required 'config/all.php' (include_path='.;C:\php\pear') in C:\laragon\www\assistup\common_server\panel\web\js\site_onoff.php on line 2
